<?xml version="1.0" encoding="UTF-8"?>
<!-- Generated by org.testng.reporters.JUnitReportReporter -->
<testsuite hostname="DESKTOP-JIP4V5I" failures="0" tests="1" name="SndAutoPag.sndLoginTest" time="15.194" errors="0" timestamp="12 Dec 2022 07:35:20 GMT" skipped="0">
  <testcase classname="SndAutoPag.sndLoginTest" name="login" time="15.194"/>
</testsuite> <!-- SndAutoPag.sndLoginTest -->
